[2018-09-19 01:39:12.408] [exthost1] [info] extension host started
[2018-09-19 01:39:12.575] [exthost1] [info] ExtensionService#_doActivateExtension vscode.emmet {"startup":true,"activationEvent":"*"}
[2018-09-19 01:39:12.575] [exthost1] [info] ExtensionService#loadCommonJSModule c:\Users\SeungIn\.codemix\engine\resources\app\extensions\emmet\out\extension
[2018-09-19 01:39:12.885] [exthost1] [info] ExtensionService#_doActivateExtension vscode.git {"startup":true,"activationEvent":"*"}
[2018-09-19 01:39:12.885] [exthost1] [info] ExtensionService#loadCommonJSModule c:\Users\SeungIn\.codemix\engine\resources\app\extensions\git\out\main
[2018-09-19 01:39:13.442] [exthost1] [info] ExtensionService#_doActivateExtension vscode.merge-conflict {"startup":true,"activationEvent":"*"}
[2018-09-19 01:39:13.442] [exthost1] [info] ExtensionService#loadCommonJSModule c:\Users\SeungIn\.codemix\engine\resources\app\extensions\merge-conflict\out\extension
[2018-09-19 01:39:13.476] [exthost1] [info] ExtensionService#_doActivateExtension vscode.search-rg {"startup":true,"activationEvent":"*"}
[2018-09-19 01:39:13.476] [exthost1] [info] ExtensionService#loadCommonJSModule c:\Users\SeungIn\.codemix\engine\resources\app\extensions\search-rg\out\extension
[2018-09-19 01:39:13.502] [exthost1] [info] eager extensions activated
[2018-09-19 01:41:06.996] [exthost1] [info] extension host started
[2018-09-19 01:41:07.149] [exthost1] [info] ExtensionService#_doActivateExtension vscode.emmet {"startup":true,"activationEvent":"*"}
[2018-09-19 01:41:07.150] [exthost1] [info] ExtensionService#loadCommonJSModule c:\Users\SeungIn\.codemix\engine\resources\app\extensions\emmet\out\extension
[2018-09-19 01:41:07.284] [exthost1] [info] ExtensionService#_doActivateExtension vscode.git {"startup":true,"activationEvent":"*"}
[2018-09-19 01:41:07.284] [exthost1] [info] ExtensionService#loadCommonJSModule c:\Users\SeungIn\.codemix\engine\resources\app\extensions\git\out\main
[2018-09-19 01:41:07.678] [exthost1] [info] ExtensionService#_doActivateExtension vscode.merge-conflict {"startup":true,"activationEvent":"*"}
[2018-09-19 01:41:07.678] [exthost1] [info] ExtensionService#loadCommonJSModule c:\Users\SeungIn\.codemix\engine\resources\app\extensions\merge-conflict\out\extension
[2018-09-19 01:41:07.707] [exthost1] [info] ExtensionService#_doActivateExtension vscode.search-rg {"startup":true,"activationEvent":"*"}
[2018-09-19 01:41:07.707] [exthost1] [info] ExtensionService#loadCommonJSModule c:\Users\SeungIn\.codemix\engine\resources\app\extensions\search-rg\out\extension
[2018-09-19 01:41:07.721] [exthost1] [info] ExtensionService#_doActivateExtension christian-kohler.path-intellisense {"startup":true,"activationEvent":"*"}
[2018-09-19 01:41:07.721] [exthost1] [info] ExtensionService#loadCommonJSModule C:\Users\SeungIn\.vscode\extensions\christian-kohler.path-intellisense-1.4.2\out\src\extension
[2018-09-19 01:41:07.747] [exthost1] [info] ExtensionService#_doActivateExtension dbaeumer.vscode-eslint {"startup":true,"activationEvent":"*"}
[2018-09-19 01:41:07.747] [exthost1] [info] ExtensionService#loadCommonJSModule C:\Users\SeungIn\.vscode\extensions\dbaeumer.vscode-eslint-1.4.10\client\out\extension
[2018-09-19 01:41:07.860] [exthost1] [info] ExtensionService#_doActivateExtension formulahendry.auto-close-tag {"startup":true,"activationEvent":"*"}
[2018-09-19 01:41:07.860] [exthost1] [info] ExtensionService#loadCommonJSModule C:\Users\SeungIn\.vscode\extensions\formulahendry.auto-close-tag-0.5.6\out\src\extension
[2018-09-19 01:41:07.863] [exthost1] [info] ExtensionService#_doActivateExtension HookyQR.beautify {"startup":true,"activationEvent":"*"}
[2018-09-19 01:41:07.863] [exthost1] [info] ExtensionService#loadCommonJSModule C:\Users\SeungIn\.vscode\extensions\hookyqr.beautify-1.3.0\extension
[2018-09-19 01:41:07.940] [exthost1] [info] ExtensionService#_doActivateExtension Zignd.html-css-class-completion {"startup":true,"activationEvent":"*"}
[2018-09-19 01:41:07.940] [exthost1] [info] ExtensionService#loadCommonJSModule C:\Users\SeungIn\.vscode\extensions\zignd.html-css-class-completion-1.17.1\out\src\extension
[2018-09-19 01:41:09.224] [exthost1] [info] ExtensionService#_doActivateExtension vscode.configuration-editing {"startup":false,"activationEvent":"onLanguage:jsonc"}
[2018-09-19 01:41:09.224] [exthost1] [info] ExtensionService#loadCommonJSModule c:\Users\SeungIn\.codemix\engine\resources\app\extensions\configuration-editing\out\extension
[2018-09-19 01:41:09.253] [exthost1] [info] ExtensionService#_doActivateExtension vscode.json-language-features {"startup":false,"activationEvent":"onLanguage:jsonc"}
[2018-09-19 01:41:09.253] [exthost1] [info] ExtensionService#loadCommonJSModule c:\Users\SeungIn\.codemix\engine\resources\app\extensions\json-language-features\client\out\jsonMain
[2018-09-19 01:41:09.732] [exthost1] [info] ExtensionService#_doActivateExtension vscode.php-language-features {"startup":false,"activationEvent":"onLanguage:php"}
[2018-09-19 01:41:09.732] [exthost1] [info] ExtensionService#loadCommonJSModule c:\Users\SeungIn\.codemix\engine\resources\app\extensions\php-language-features\out\phpMain
[2018-09-19 01:41:09.790] [exthost1] [info] ExtensionService#_doActivateExtension felixfbecker.php-intellisense {"startup":false,"activationEvent":"onLanguage:php"}
[2018-09-19 01:41:09.790] [exthost1] [info] ExtensionService#loadCommonJSModule C:\Users\SeungIn\.vscode\extensions\felixfbecker.php-intellisense-2.3.1\out\extension
[2018-09-19 01:41:09.941] [exthost1] [info] ExtensionService#_doActivateExtension kokororin.vscode-phpfmt {"startup":false,"activationEvent":"onLanguage:php"}
[2018-09-19 01:41:09.941] [exthost1] [info] ExtensionService#loadCommonJSModule C:\Users\SeungIn\.vscode\extensions\kokororin.vscode-phpfmt-1.0.29\out\src\extension
[2018-09-19 01:41:09.971] [exthost1] [info] ExtensionService#_doActivateExtension linyang95.php-symbols {"startup":false,"activationEvent":"onLanguage:php"}
[2018-09-19 01:41:09.971] [exthost1] [info] ExtensionService#loadCommonJSModule C:\Users\SeungIn\.vscode\extensions\linyang95.php-symbols-2.0.4\extension
[2018-09-19 01:41:09.975] [exthost1] [info] ExtensionService#_doActivateExtension vscode.html-language-features {"startup":false,"activationEvent":"onLanguage:html"}
[2018-09-19 01:41:09.975] [exthost1] [info] ExtensionService#loadCommonJSModule c:\Users\SeungIn\.codemix\engine\resources\app\extensions\html-language-features\client\out\htmlMain
[2018-09-19 01:41:10.330] [exthost1] [info] ExtensionService#_doActivateExtension mkaufman.HTMLHint {"startup":false,"activationEvent":"onLanguage:html"}
[2018-09-19 01:41:10.330] [exthost1] [info] ExtensionService#loadCommonJSModule C:\Users\SeungIn\.vscode\extensions\mkaufman.htmlhint-0.5.0\out\extension
[2018-09-19 01:41:11.469] [exthost1] [info] eager extensions activated
[2018-09-19 01:41:13.063] [exthost1] [info] ExtensionService#_doActivateExtension vscode.css-language-features {"startup":false,"activationEvent":"onLanguage:css"}
[2018-09-19 01:41:13.063] [exthost1] [info] ExtensionService#loadCommonJSModule c:\Users\SeungIn\.codemix\engine\resources\app\extensions\css-language-features\client\out\cssMain
